[2014-12-12 15:35:42,361] ERROR - fk.utilities.PropertyFileUtility - File not found: conf/config.properties
[2014-12-12 15:36:07,917] ERROR - fk.utilities.PropertyFileUtility - File not found: /Users/sankeerth.reddy/IdeaProjects/Stubby/conf/config.properties
[2014-12-12 15:49:09,348] ERROR - fk.utilities.PropertyFileUtility - File not found: /Users/sankeerth.reddy/IdeaProjects/Stubby/conf/config.properties
[2014-12-12 17:05:17,981]  INFO - fk.utilities.CommandPromptUtility - Executing command: java -jar /Users/sankeerth.reddy/IdeaProjects/Stubby/conf/stubby4j-2.0.21.jar -d /Users/sankeerth.reddy/IdeaProjects/Stubby/conf/stubby.yaml
[2014-12-12 17:32:58,408]  INFO - fk.utilities.CommandPromptUtility - Executing command: java -jar /Users/sankeerth.reddy/IdeaProjects/Stubby/conf/stubby4j-2.0.21.jar -d /Users/sankeerth.reddy/IdeaProjects/Stubby/conf/stubby.yaml
[2014-12-12 17:32:58,691]  INFO - fk.core.network.impl.HTTPCallActions$Core - GET call: http://localhost:8882/hello-world
[2014-12-12 17:34:30,416]  INFO - fk.utilities.CommandPromptUtility - Executing command: java -jar /Users/sankeerth.reddy/IdeaProjects/Stubby/conf/stubby4j-2.0.21.jar -d /Users/sankeerth.reddy/IdeaProjects/Stubby/conf/stubby.yaml
[2014-12-12 17:34:30,600]  INFO - fk.core.network.impl.HTTPCallActions$Core - GET call: http://localhost:8882/hello-world
[2014-12-12 17:37:15,349]  INFO - fk.utilities.CommandPromptUtility - Executing command: java -jar /Users/sankeerth.reddy/IdeaProjects/Stubby/conf/stubby4j-2.0.21.jar -d /Users/sankeerth.reddy/IdeaProjects/Stubby/conf/stubby.yaml
[2014-12-12 17:37:15,625]  INFO - fk.core.network.impl.HTTPCallActions$Core - GET call: http://localhost:8882/hello-world
[2014-12-12 17:38:31,525]  INFO - fk.utilities.CommandPromptUtility - Executing command: java -jar /Users/sankeerth.reddy/IdeaProjects/Stubby/conf/stubby4j-2.0.21.jar -d /Users/sankeerth.reddy/IdeaProjects/Stubby/conf/stubby.yaml
[2014-12-12 17:38:31,660]  INFO - fk.core.network.impl.HTTPCallActions$Core - GET call: http://localhost:8882/hello-world
[2014-12-12 17:51:54,121]  INFO - fk.utilities.CommandPromptUtility - Executing command: java -jar /Users/sankeerth.reddy/IdeaProjects/Stubby/conf/stubby4j-2.0.21.jar -d /Users/sankeerth.reddy/IdeaProjects/Stubby/conf/stubby.yaml
[2014-12-12 17:51:54,558]  INFO - fk.core.network.impl.HTTPCallActions$Core - GET call: http://localhost:8882/hello-world
[2014-12-12 18:47:16,618]  INFO - fk.utilities.CommandPromptUtility - Executing command: java -jar /Users/sankeerth.reddy/IdeaProjects/Stubby/conf/stubby4j-2.0.21.jar -d /Users/sankeerth.reddy/IdeaProjects/Stubby/conf/stubby.yaml
[2014-12-12 18:47:17,017]  INFO - fk.core.network.impl.HTTPCallActions$Core - GET call: http://localhost:8882/hello-world
[2014-12-12 18:47:17,137]  INFO - fk.utilities.CommandPromptUtility - Killing process: java.lang.UNIXProcess@52957cec
[2014-12-12 18:48:02,277]  INFO - fk.utilities.CommandPromptUtility - Executing command: java -jar /Users/sankeerth.reddy/IdeaProjects/Stubby/conf/stubby4j-2.0.21.jar -d /Users/sankeerth.reddy/IdeaProjects/Stubby/conf/stubby.yaml
[2014-12-12 18:48:02,506]  INFO - fk.core.network.impl.HTTPCallActions$Core - GET call: http://localhost:8882/hello-world
[2014-12-12 18:48:02,683]  INFO - fk.utilities.CommandPromptUtility - Killing process: java.lang.UNIXProcess@543c944f
[2014-12-12 18:52:27,624]  INFO - fk.utilities.CommandPromptUtility - Executing command: java -jar /Users/sankeerth.reddy/IdeaProjects/Stubby/conf/stubby4j-2.0.21.jar -d /Users/sankeerth.reddy/IdeaProjects/Stubby/conf/stubby.yaml
[2014-12-12 18:52:27,645]  INFO - fk.core.stub.impl.StubService - Mock service started!
[2014-12-12 18:52:27,892]  INFO - fk.core.network.impl.HTTPCallActions$Core - GET call: http://localhost:8882/hello-world
[2014-12-12 18:52:27,956]  INFO - fk.core.stub.impl.StubService - Mock service stopped
[2014-12-12 19:33:10,551]  INFO - fk.utilities.CommandPromptUtility - Executing command: java -jar /Users/sankeerth.reddy/IdeaProjects/Stubby/conf/stubby4j-2.0.21.jar -d /Users/sankeerth.reddy/IdeaProjects/Stubby/conf/stubby.yaml
[2014-12-12 19:33:10,619]  INFO - fk.core.stub.impl.StubService - Mock service started!
[2014-12-12 19:33:11,036]  INFO - fk.core.network.impl.HTTPCallActions$Core - GET call: http://localhost:8882/multipleres
[2014-12-12 19:33:11,070] ERROR - fk.core.network.impl.HTTPResponse - Unable to read response.
java.io.FileNotFoundException: http://localhost:8882/multipleres
	at sun.reflect.NativeConstructorAccessorImpl.newInstance0(Native Method)
	at sun.reflect.NativeConstructorAccessorImpl.newInstance(NativeConstructorAccessorImpl.java:57)
	at sun.reflect.DelegatingConstructorAccessorImpl.newInstance(DelegatingConstructorAccessorImpl.java:45)
	at java.lang.reflect.Constructor.newInstance(Constructor.java:526)
	at sun.net.www.protocol.http.HttpURLConnection$6.run(HttpURLConnection.java:1675)
	at sun.net.www.protocol.http.HttpURLConnection$6.run(HttpURLConnection.java:1673)
	at java.security.AccessController.doPrivileged(Native Method)
	at sun.net.www.protocol.http.HttpURLConnection.getChainedException(HttpURLConnection.java:1671)
	at sun.net.www.protocol.http.HttpURLConnection.getInputStream(HttpURLConnection.java:1244)
	at fk.core.network.impl.HTTPResponse.<init>(HTTPResponse.java:82)
	at fk.core.network.impl.HTTPFactory.getHTTPResponse(HTTPFactory.java:51)
	at fk.core.network.impl.HTTPCallActions$Core.makeGetCall(HTTPCallActions.java:176)
	at fk.core.network.impl.HTTPCallActions$Core.access$100(HTTPCallActions.java:136)
	at fk.core.network.impl.HTTPCallActions.makeGetCall(HTTPCallActions.java:69)
	at fk.core.Test.main(Test.java:22)
	at sun.reflect.NativeMethodAccessorImpl.invoke0(Native Method)
	at sun.reflect.NativeMethodAccessorImpl.invoke(NativeMethodAccessorImpl.java:57)
	at sun.reflect.DelegatingMethodAccessorImpl.invoke(DelegatingMethodAccessorImpl.java:43)
	at java.lang.reflect.Method.invoke(Method.java:606)
	at com.intellij.rt.execution.application.AppMain.main(AppMain.java:134)
Caused by: java.io.FileNotFoundException: http://localhost:8882/multipleres
	at sun.net.www.protocol.http.HttpURLConnection.getInputStream(HttpURLConnection.java:1624)
	at java.net.HttpURLConnection.getResponseCode(HttpURLConnection.java:468)
	at fk.core.network.impl.HTTPResponse.<init>(HTTPResponse.java:73)
	... 10 more
[2014-12-12 19:34:31,224]  INFO - fk.utilities.CommandPromptUtility - Executing command: java -jar /Users/sankeerth.reddy/IdeaProjects/Stubby/conf/stubby4j-2.0.21.jar -d /Users/sankeerth.reddy/IdeaProjects/Stubby/conf/stubby.yaml
[2014-12-12 19:34:31,254]  INFO - fk.core.stub.impl.StubService - Mock service started!
[2014-12-12 19:34:31,412]  INFO - fk.core.network.impl.HTTPCallActions$Core - GET call: http://localhost:8882/multipleres
[2014-12-12 19:34:31,442] ERROR - fk.core.network.impl.HTTPResponse - Unable to read response.
java.io.FileNotFoundException: http://localhost:8882/multipleres
	at sun.reflect.NativeConstructorAccessorImpl.newInstance0(Native Method)
	at sun.reflect.NativeConstructorAccessorImpl.newInstance(NativeConstructorAccessorImpl.java:57)
	at sun.reflect.DelegatingConstructorAccessorImpl.newInstance(DelegatingConstructorAccessorImpl.java:45)
	at java.lang.reflect.Constructor.newInstance(Constructor.java:526)
	at sun.net.www.protocol.http.HttpURLConnection$6.run(HttpURLConnection.java:1675)
	at sun.net.www.protocol.http.HttpURLConnection$6.run(HttpURLConnection.java:1673)
	at java.security.AccessController.doPrivileged(Native Method)
	at sun.net.www.protocol.http.HttpURLConnection.getChainedException(HttpURLConnection.java:1671)
	at sun.net.www.protocol.http.HttpURLConnection.getInputStream(HttpURLConnection.java:1244)
	at fk.core.network.impl.HTTPResponse.<init>(HTTPResponse.java:82)
	at fk.core.network.impl.HTTPFactory.getHTTPResponse(HTTPFactory.java:51)
	at fk.core.network.impl.HTTPCallActions$Core.makeGetCall(HTTPCallActions.java:176)
	at fk.core.network.impl.HTTPCallActions$Core.access$100(HTTPCallActions.java:136)
	at fk.core.network.impl.HTTPCallActions.makeGetCall(HTTPCallActions.java:69)
	at fk.core.Test.main(Test.java:22)
	at sun.reflect.NativeMethodAccessorImpl.invoke0(Native Method)
	at sun.reflect.NativeMethodAccessorImpl.invoke(NativeMethodAccessorImpl.java:57)
	at sun.reflect.DelegatingMethodAccessorImpl.invoke(DelegatingMethodAccessorImpl.java:43)
	at java.lang.reflect.Method.invoke(Method.java:606)
	at com.intellij.rt.execution.application.AppMain.main(AppMain.java:134)
Caused by: java.io.FileNotFoundException: http://localhost:8882/multipleres
	at sun.net.www.protocol.http.HttpURLConnection.getInputStream(HttpURLConnection.java:1624)
	at java.net.HttpURLConnection.getResponseCode(HttpURLConnection.java:468)
	at fk.core.network.impl.HTTPResponse.<init>(HTTPResponse.java:73)
	... 10 more
[2014-12-12 19:36:08,564]  INFO - fk.utilities.CommandPromptUtility - Executing command: java -jar /Users/sankeerth.reddy/IdeaProjects/Stubby/conf/stubby4j-2.0.21.jar -d /Users/sankeerth.reddy/IdeaProjects/Stubby/conf/stubby.yaml
[2014-12-12 19:36:08,606]  INFO - fk.core.stub.impl.StubService - Mock service started!
[2014-12-12 19:36:42,023]  INFO - fk.utilities.CommandPromptUtility - Executing command: java -jar /Users/sankeerth.reddy/IdeaProjects/Stubby/conf/stubby4j-2.0.21.jar -d /Users/sankeerth.reddy/IdeaProjects/Stubby/conf/stubby.yaml
[2014-12-12 19:36:42,038]  INFO - fk.core.stub.impl.StubService - Mock service started!
[2014-12-12 19:36:42,198]  INFO - fk.core.network.impl.HTTPCallActions$Core - GET call: http://localhost:8882/multipleres
[2014-12-12 19:36:42,272] ERROR - fk.core.network.impl.HTTPResponse - Unable to read response.
java.io.FileNotFoundException: http://localhost:8882/multipleres
	at sun.reflect.NativeConstructorAccessorImpl.newInstance0(Native Method)
	at sun.reflect.NativeConstructorAccessorImpl.newInstance(NativeConstructorAccessorImpl.java:57)
	at sun.reflect.DelegatingConstructorAccessorImpl.newInstance(DelegatingConstructorAccessorImpl.java:45)
	at java.lang.reflect.Constructor.newInstance(Constructor.java:526)
	at sun.net.www.protocol.http.HttpURLConnection$6.run(HttpURLConnection.java:1675)
	at sun.net.www.protocol.http.HttpURLConnection$6.run(HttpURLConnection.java:1673)
	at java.security.AccessController.doPrivileged(Native Method)
	at sun.net.www.protocol.http.HttpURLConnection.getChainedException(HttpURLConnection.java:1671)
	at sun.net.www.protocol.http.HttpURLConnection.getInputStream(HttpURLConnection.java:1244)
	at fk.core.network.impl.HTTPResponse.<init>(HTTPResponse.java:82)
	at fk.core.network.impl.HTTPFactory.getHTTPResponse(HTTPFactory.java:51)
	at fk.core.network.impl.HTTPCallActions$Core.makeGetCall(HTTPCallActions.java:176)
	at fk.core.network.impl.HTTPCallActions$Core.access$100(HTTPCallActions.java:136)
	at fk.core.network.impl.HTTPCallActions.makeGetCall(HTTPCallActions.java:69)
	at fk.core.Test.main(Test.java:24)
	at sun.reflect.NativeMethodAccessorImpl.invoke0(Native Method)
	at sun.reflect.NativeMethodAccessorImpl.invoke(NativeMethodAccessorImpl.java:57)
	at sun.reflect.DelegatingMethodAccessorImpl.invoke(DelegatingMethodAccessorImpl.java:43)
	at java.lang.reflect.Method.invoke(Method.java:606)
	at com.intellij.rt.execution.application.AppMain.main(AppMain.java:134)
Caused by: java.io.FileNotFoundException: http://localhost:8882/multipleres
	at sun.net.www.protocol.http.HttpURLConnection.getInputStream(HttpURLConnection.java:1624)
	at java.net.HttpURLConnection.getResponseCode(HttpURLConnection.java:468)
	at fk.core.network.impl.HTTPResponse.<init>(HTTPResponse.java:73)
	... 10 more
[2014-12-12 19:37:09,637]  INFO - fk.utilities.CommandPromptUtility - Executing command: java -jar /Users/sankeerth.reddy/IdeaProjects/Stubby/conf/stubby4j-2.0.21.jar -d /Users/sankeerth.reddy/IdeaProjects/Stubby/conf/stubby.yaml
[2014-12-12 19:37:09,675]  INFO - fk.core.stub.impl.StubService - Mock service started!
[2014-12-12 19:37:09,878]  INFO - fk.core.network.impl.HTTPCallActions$Core - GET call: http://localhost:8882/multiple-res
[2014-12-12 19:37:09,959] ERROR - fk.core.network.impl.HTTPResponse - Unable to read response.
java.io.FileNotFoundException: http://localhost:8882/multiple-res
	at sun.reflect.NativeConstructorAccessorImpl.newInstance0(Native Method)
	at sun.reflect.NativeConstructorAccessorImpl.newInstance(NativeConstructorAccessorImpl.java:57)
	at sun.reflect.DelegatingConstructorAccessorImpl.newInstance(DelegatingConstructorAccessorImpl.java:45)
	at java.lang.reflect.Constructor.newInstance(Constructor.java:526)
	at sun.net.www.protocol.http.HttpURLConnection$6.run(HttpURLConnection.java:1675)
	at sun.net.www.protocol.http.HttpURLConnection$6.run(HttpURLConnection.java:1673)
	at java.security.AccessController.doPrivileged(Native Method)
	at sun.net.www.protocol.http.HttpURLConnection.getChainedException(HttpURLConnection.java:1671)
	at sun.net.www.protocol.http.HttpURLConnection.getInputStream(HttpURLConnection.java:1244)
	at fk.core.network.impl.HTTPResponse.<init>(HTTPResponse.java:82)
	at fk.core.network.impl.HTTPFactory.getHTTPResponse(HTTPFactory.java:51)
	at fk.core.network.impl.HTTPCallActions$Core.makeGetCall(HTTPCallActions.java:176)
	at fk.core.network.impl.HTTPCallActions$Core.access$100(HTTPCallActions.java:136)
	at fk.core.network.impl.HTTPCallActions.makeGetCall(HTTPCallActions.java:69)
	at fk.core.Test.main(Test.java:24)
	at sun.reflect.NativeMethodAccessorImpl.invoke0(Native Method)
	at sun.reflect.NativeMethodAccessorImpl.invoke(NativeMethodAccessorImpl.java:57)
	at sun.reflect.DelegatingMethodAccessorImpl.invoke(DelegatingMethodAccessorImpl.java:43)
	at java.lang.reflect.Method.invoke(Method.java:606)
	at com.intellij.rt.execution.application.AppMain.main(AppMain.java:134)
Caused by: java.io.FileNotFoundException: http://localhost:8882/multiple-res
	at sun.net.www.protocol.http.HttpURLConnection.getInputStream(HttpURLConnection.java:1624)
	at java.net.HttpURLConnection.getResponseCode(HttpURLConnection.java:468)
	at fk.core.network.impl.HTTPResponse.<init>(HTTPResponse.java:73)
	... 10 more
[2014-12-12 19:39:46,304]  INFO - fk.utilities.CommandPromptUtility - Executing command: java -jar /Users/sankeerth.reddy/IdeaProjects/Stubby/conf/stubby4j-2.0.21.jar -d /Users/sankeerth.reddy/IdeaProjects/Stubby/conf/stubby.yaml
[2014-12-12 19:39:46,361]  INFO - fk.core.stub.impl.StubService - Mock service started!
[2014-12-12 19:40:53,920]  INFO - fk.utilities.CommandPromptUtility - Executing command: java -jar /Users/sankeerth.reddy/IdeaProjects/Stubby/conf/stubby4j-2.0.21.jar -d /Users/sankeerth.reddy/IdeaProjects/Stubby/conf/stubby.yaml
[2014-12-12 19:40:53,958]  INFO - fk.core.stub.impl.StubService - Mock service started!
[2014-12-12 19:40:54,169]  INFO - fk.core.network.impl.HTTPCallActions$Core - GET call: http://localhost:8882/multiple-res
[2014-12-12 19:40:54,209] ERROR - fk.core.network.impl.HTTPResponse - Error obtaining response code.
java.net.ConnectException: Connection refused
	at java.net.PlainSocketImpl.socketConnect(Native Method)
	at java.net.AbstractPlainSocketImpl.doConnect(AbstractPlainSocketImpl.java:339)
	at java.net.AbstractPlainSocketImpl.connectToAddress(AbstractPlainSocketImpl.java:200)
	at java.net.AbstractPlainSocketImpl.connect(AbstractPlainSocketImpl.java:182)
	at java.net.SocksSocketImpl.connect(SocksSocketImpl.java:392)
	at java.net.Socket.connect(Socket.java:579)
	at java.net.Socket.connect(Socket.java:528)
	at sun.net.NetworkClient.doConnect(NetworkClient.java:180)
	at sun.net.www.http.HttpClient.openServer(HttpClient.java:432)
	at sun.net.www.http.HttpClient.openServer(HttpClient.java:527)
	at sun.net.www.http.HttpClient.<init>(HttpClient.java:211)
	at sun.net.www.http.HttpClient.New(HttpClient.java:308)
	at sun.net.www.http.HttpClient.New(HttpClient.java:326)
	at sun.net.www.protocol.http.HttpURLConnection.getNewHttpClient(HttpURLConnection.java:996)
	at sun.net.www.protocol.http.HttpURLConnection.plainConnect(HttpURLConnection.java:932)
	at sun.net.www.protocol.http.HttpURLConnection.connect(HttpURLConnection.java:850)
	at sun.net.www.protocol.http.HttpURLConnection.getInputStream(HttpURLConnection.java:1300)
	at java.net.HttpURLConnection.getResponseCode(HttpURLConnection.java:468)
	at fk.core.network.impl.HTTPResponse.<init>(HTTPResponse.java:73)
	at fk.core.network.impl.HTTPFactory.getHTTPResponse(HTTPFactory.java:51)
	at fk.core.network.impl.HTTPCallActions$Core.makeGetCall(HTTPCallActions.java:176)
	at fk.core.network.impl.HTTPCallActions$Core.access$100(HTTPCallActions.java:136)
	at fk.core.network.impl.HTTPCallActions.makeGetCall(HTTPCallActions.java:69)
	at fk.core.Test.main(Test.java:23)
	at sun.reflect.NativeMethodAccessorImpl.invoke0(Native Method)
	at sun.reflect.NativeMethodAccessorImpl.invoke(NativeMethodAccessorImpl.java:57)
	at sun.reflect.DelegatingMethodAccessorImpl.invoke(DelegatingMethodAccessorImpl.java:43)
	at java.lang.reflect.Method.invoke(Method.java:606)
	at com.intellij.rt.execution.application.AppMain.main(AppMain.java:134)
[2014-12-12 19:41:32,912]  INFO - fk.utilities.CommandPromptUtility - Executing command: java -jar /Users/sankeerth.reddy/IdeaProjects/Stubby/conf/stubby4j-2.0.21.jar -d /Users/sankeerth.reddy/IdeaProjects/Stubby/conf/stubby.yaml
[2014-12-12 19:41:32,943]  INFO - fk.core.stub.impl.StubService - Mock service started!
[2014-12-12 19:41:33,092]  INFO - fk.core.network.impl.HTTPCallActions$Core - GET call: http://localhost:8882/multiple-res
[2014-12-12 19:41:33,252]  INFO - fk.core.stub.impl.StubService - Mock service stopped
[2014-12-12 19:41:36,917]  INFO - fk.utilities.CommandPromptUtility - Executing command: java -jar /Users/sankeerth.reddy/IdeaProjects/Stubby/conf/stubby4j-2.0.21.jar -d /Users/sankeerth.reddy/IdeaProjects/Stubby/conf/stubby.yaml
[2014-12-12 19:41:36,946]  INFO - fk.core.stub.impl.StubService - Mock service started!
[2014-12-12 19:41:37,170]  INFO - fk.core.network.impl.HTTPCallActions$Core - GET call: http://localhost:8882/multiple-res
[2014-12-12 19:41:37,220]  INFO - fk.core.stub.impl.StubService - Mock service stopped
[2014-12-12 19:41:40,575]  INFO - fk.utilities.CommandPromptUtility - Executing command: java -jar /Users/sankeerth.reddy/IdeaProjects/Stubby/conf/stubby4j-2.0.21.jar -d /Users/sankeerth.reddy/IdeaProjects/Stubby/conf/stubby.yaml
[2014-12-12 19:41:40,607]  INFO - fk.core.stub.impl.StubService - Mock service started!
[2014-12-12 19:41:40,736]  INFO - fk.core.network.impl.HTTPCallActions$Core - GET call: http://localhost:8882/multiple-res
[2014-12-12 19:41:40,774] ERROR - fk.core.network.impl.HTTPResponse - Unable to read response.
java.io.IOException: Server returned HTTP response code: 500 for URL: http://localhost:8882/multiple-res
	at sun.reflect.NativeConstructorAccessorImpl.newInstance0(Native Method)
	at sun.reflect.NativeConstructorAccessorImpl.newInstance(NativeConstructorAccessorImpl.java:57)
	at sun.reflect.DelegatingConstructorAccessorImpl.newInstance(DelegatingConstructorAccessorImpl.java:45)
	at java.lang.reflect.Constructor.newInstance(Constructor.java:526)
	at sun.net.www.protocol.http.HttpURLConnection$6.run(HttpURLConnection.java:1675)
	at sun.net.www.protocol.http.HttpURLConnection$6.run(HttpURLConnection.java:1673)
	at java.security.AccessController.doPrivileged(Native Method)
	at sun.net.www.protocol.http.HttpURLConnection.getChainedException(HttpURLConnection.java:1671)
	at sun.net.www.protocol.http.HttpURLConnection.getInputStream(HttpURLConnection.java:1244)
	at fk.core.network.impl.HTTPResponse.<init>(HTTPResponse.java:82)
	at fk.core.network.impl.HTTPFactory.getHTTPResponse(HTTPFactory.java:51)
	at fk.core.network.impl.HTTPCallActions$Core.makeGetCall(HTTPCallActions.java:176)
	at fk.core.network.impl.HTTPCallActions$Core.access$100(HTTPCallActions.java:136)
	at fk.core.network.impl.HTTPCallActions.makeGetCall(HTTPCallActions.java:69)
	at fk.core.Test.main(Test.java:21)
	at sun.reflect.NativeMethodAccessorImpl.invoke0(Native Method)
	at sun.reflect.NativeMethodAccessorImpl.invoke(NativeMethodAccessorImpl.java:57)
	at sun.reflect.DelegatingMethodAccessorImpl.invoke(DelegatingMethodAccessorImpl.java:43)
	at java.lang.reflect.Method.invoke(Method.java:606)
	at com.intellij.rt.execution.application.AppMain.main(AppMain.java:134)
Caused by: java.io.IOException: Server returned HTTP response code: 500 for URL: http://localhost:8882/multiple-res
	at sun.net.www.protocol.http.HttpURLConnection.getInputStream(HttpURLConnection.java:1626)
	at java.net.HttpURLConnection.getResponseCode(HttpURLConnection.java:468)
	at fk.core.network.impl.HTTPResponse.<init>(HTTPResponse.java:73)
	... 10 more
[2014-12-12 19:41:43,977]  INFO - fk.utilities.CommandPromptUtility - Executing command: java -jar /Users/sankeerth.reddy/IdeaProjects/Stubby/conf/stubby4j-2.0.21.jar -d /Users/sankeerth.reddy/IdeaProjects/Stubby/conf/stubby.yaml
[2014-12-12 19:41:44,008]  INFO - fk.core.stub.impl.StubService - Mock service started!
[2014-12-12 19:41:44,192]  INFO - fk.core.network.impl.HTTPCallActions$Core - GET call: http://localhost:8882/multiple-res
[2014-12-12 19:41:44,271]  INFO - fk.core.stub.impl.StubService - Mock service stopped
[2014-12-12 19:41:47,094]  INFO - fk.utilities.CommandPromptUtility - Executing command: java -jar /Users/sankeerth.reddy/IdeaProjects/Stubby/conf/stubby4j-2.0.21.jar -d /Users/sankeerth.reddy/IdeaProjects/Stubby/conf/stubby.yaml
[2014-12-12 19:41:47,122]  INFO - fk.core.stub.impl.StubService - Mock service started!
[2014-12-12 19:41:47,298]  INFO - fk.core.network.impl.HTTPCallActions$Core - GET call: http://localhost:8882/multiple-res
[2014-12-12 19:41:47,384]  INFO - fk.core.stub.impl.StubService - Mock service stopped
[2014-12-12 19:41:50,341]  INFO - fk.utilities.CommandPromptUtility - Executing command: java -jar /Users/sankeerth.reddy/IdeaProjects/Stubby/conf/stubby4j-2.0.21.jar -d /Users/sankeerth.reddy/IdeaProjects/Stubby/conf/stubby.yaml
[2014-12-12 19:41:50,376]  INFO - fk.core.stub.impl.StubService - Mock service started!
[2014-12-12 19:41:50,525]  INFO - fk.core.network.impl.HTTPCallActions$Core - GET call: http://localhost:8882/multiple-res
[2014-12-12 19:41:50,550] ERROR - fk.core.network.impl.HTTPResponse - Unable to read response.
java.io.IOException: Server returned HTTP response code: 500 for URL: http://localhost:8882/multiple-res
	at sun.reflect.NativeConstructorAccessorImpl.newInstance0(Native Method)
	at sun.reflect.NativeConstructorAccessorImpl.newInstance(NativeConstructorAccessorImpl.java:57)
	at sun.reflect.DelegatingConstructorAccessorImpl.newInstance(DelegatingConstructorAccessorImpl.java:45)
	at java.lang.reflect.Constructor.newInstance(Constructor.java:526)
	at sun.net.www.protocol.http.HttpURLConnection$6.run(HttpURLConnection.java:1675)
	at sun.net.www.protocol.http.HttpURLConnection$6.run(HttpURLConnection.java:1673)
	at java.security.AccessController.doPrivileged(Native Method)
	at sun.net.www.protocol.http.HttpURLConnection.getChainedException(HttpURLConnection.java:1671)
	at sun.net.www.protocol.http.HttpURLConnection.getInputStream(HttpURLConnection.java:1244)
	at fk.core.network.impl.HTTPResponse.<init>(HTTPResponse.java:82)
	at fk.core.network.impl.HTTPFactory.getHTTPResponse(HTTPFactory.java:51)
	at fk.core.network.impl.HTTPCallActions$Core.makeGetCall(HTTPCallActions.java:176)
	at fk.core.network.impl.HTTPCallActions$Core.access$100(HTTPCallActions.java:136)
	at fk.core.network.impl.HTTPCallActions.makeGetCall(HTTPCallActions.java:69)
	at fk.core.Test.main(Test.java:21)
	at sun.reflect.NativeMethodAccessorImpl.invoke0(Native Method)
	at sun.reflect.NativeMethodAccessorImpl.invoke(NativeMethodAccessorImpl.java:57)
	at sun.reflect.DelegatingMethodAccessorImpl.invoke(DelegatingMethodAccessorImpl.java:43)
	at java.lang.reflect.Method.invoke(Method.java:606)
	at com.intellij.rt.execution.application.AppMain.main(AppMain.java:134)
Caused by: java.io.IOException: Server returned HTTP response code: 500 for URL: http://localhost:8882/multiple-res
	at sun.net.www.protocol.http.HttpURLConnection.getInputStream(HttpURLConnection.java:1626)
	at java.net.HttpURLConnection.getResponseCode(HttpURLConnection.java:468)
	at fk.core.network.impl.HTTPResponse.<init>(HTTPResponse.java:73)
	... 10 more
[2014-12-12 19:42:15,418]  INFO - fk.utilities.CommandPromptUtility - Executing command: java -jar /Users/sankeerth.reddy/IdeaProjects/Stubby/conf/stubby4j-2.0.21.jar -d /Users/sankeerth.reddy/IdeaProjects/Stubby/conf/stubby.yaml
[2014-12-12 19:42:15,461]  INFO - fk.core.stub.impl.StubService - Mock service started!
[2014-12-12 19:42:15,717]  INFO - fk.core.network.impl.HTTPCallActions$Core - GET call: http://localhost:8882/multiple-res
[2014-12-12 19:42:15,799]  INFO - fk.core.stub.impl.StubService - Mock service stopped
[2014-12-12 19:42:18,505]  INFO - fk.utilities.CommandPromptUtility - Executing command: java -jar /Users/sankeerth.reddy/IdeaProjects/Stubby/conf/stubby4j-2.0.21.jar -d /Users/sankeerth.reddy/IdeaProjects/Stubby/conf/stubby.yaml
[2014-12-12 19:42:18,541]  INFO - fk.core.stub.impl.StubService - Mock service started!
[2014-12-12 19:42:18,723]  INFO - fk.core.network.impl.HTTPCallActions$Core - GET call: http://localhost:8882/multiple-res
[2014-12-12 19:42:18,784]  INFO - fk.core.stub.impl.StubService - Mock service stopped
[2014-12-12 19:42:21,780]  INFO - fk.utilities.CommandPromptUtility - Executing command: java -jar /Users/sankeerth.reddy/IdeaProjects/Stubby/conf/stubby4j-2.0.21.jar -d /Users/sankeerth.reddy/IdeaProjects/Stubby/conf/stubby.yaml
[2014-12-12 19:42:21,835]  INFO - fk.core.stub.impl.StubService - Mock service started!
[2014-12-12 19:42:21,976]  INFO - fk.core.network.impl.HTTPCallActions$Core - GET call: http://localhost:8882/multiple-res
[2014-12-12 19:42:22,072] ERROR - fk.core.network.impl.HTTPResponse - Unable to read response.
java.io.IOException: Server returned HTTP response code: 500 for URL: http://localhost:8882/multiple-res
	at sun.reflect.NativeConstructorAccessorImpl.newInstance0(Native Method)
	at sun.reflect.NativeConstructorAccessorImpl.newInstance(NativeConstructorAccessorImpl.java:57)
	at sun.reflect.DelegatingConstructorAccessorImpl.newInstance(DelegatingConstructorAccessorImpl.java:45)
	at java.lang.reflect.Constructor.newInstance(Constructor.java:526)
	at sun.net.www.protocol.http.HttpURLConnection$6.run(HttpURLConnection.java:1675)
	at sun.net.www.protocol.http.HttpURLConnection$6.run(HttpURLConnection.java:1673)
	at java.security.AccessController.doPrivileged(Native Method)
	at sun.net.www.protocol.http.HttpURLConnection.getChainedException(HttpURLConnection.java:1671)
	at sun.net.www.protocol.http.HttpURLConnection.getInputStream(HttpURLConnection.java:1244)
	at fk.core.network.impl.HTTPResponse.<init>(HTTPResponse.java:82)
	at fk.core.network.impl.HTTPFactory.getHTTPResponse(HTTPFactory.java:51)
	at fk.core.network.impl.HTTPCallActions$Core.makeGetCall(HTTPCallActions.java:176)
	at fk.core.network.impl.HTTPCallActions$Core.access$100(HTTPCallActions.java:136)
	at fk.core.network.impl.HTTPCallActions.makeGetCall(HTTPCallActions.java:69)
	at fk.core.Test.main(Test.java:21)
	at sun.reflect.NativeMethodAccessorImpl.invoke0(Native Method)
	at sun.reflect.NativeMethodAccessorImpl.invoke(NativeMethodAccessorImpl.java:57)
	at sun.reflect.DelegatingMethodAccessorImpl.invoke(DelegatingMethodAccessorImpl.java:43)
	at java.lang.reflect.Method.invoke(Method.java:606)
	at com.intellij.rt.execution.application.AppMain.main(AppMain.java:134)
Caused by: java.io.IOException: Server returned HTTP response code: 500 for URL: http://localhost:8882/multiple-res
	at sun.net.www.protocol.http.HttpURLConnection.getInputStream(HttpURLConnection.java:1626)
	at java.net.HttpURLConnection.getResponseCode(HttpURLConnection.java:468)
	at fk.core.network.impl.HTTPResponse.<init>(HTTPResponse.java:73)
	... 10 more
[2014-12-12 19:42:25,513]  INFO - fk.utilities.CommandPromptUtility - Executing command: java -jar /Users/sankeerth.reddy/IdeaProjects/Stubby/conf/stubby4j-2.0.21.jar -d /Users/sankeerth.reddy/IdeaProjects/Stubby/conf/stubby.yaml
[2014-12-12 19:42:25,556]  INFO - fk.core.stub.impl.StubService - Mock service started!
[2014-12-12 19:42:25,709]  INFO - fk.core.network.impl.HTTPCallActions$Core - GET call: http://localhost:8882/multiple-res
[2014-12-12 19:42:25,817]  INFO - fk.core.stub.impl.StubService - Mock service stopped
[2014-12-12 19:43:34,870]  INFO - fk.utilities.CommandPromptUtility - Executing command: java -jar /Users/sankeerth.reddy/IdeaProjects/Stubby/conf/stubby4j-2.0.21.jar -d /Users/sankeerth.reddy/IdeaProjects/Stubby/conf/stubby.yaml
[2014-12-12 19:43:34,902]  INFO - fk.core.stub.impl.StubService - Mock service started!
[2014-12-12 19:43:35,130]  INFO - fk.core.network.impl.HTTPCallActions$Core - GET call: http://localhost:8882/multiple-res
[2014-12-12 19:43:35,153] ERROR - fk.core.network.impl.HTTPResponse - Error obtaining response code.
java.net.ConnectException: Connection refused
	at java.net.PlainSocketImpl.socketConnect(Native Method)
	at java.net.AbstractPlainSocketImpl.doConnect(AbstractPlainSocketImpl.java:339)
	at java.net.AbstractPlainSocketImpl.connectToAddress(AbstractPlainSocketImpl.java:200)
	at java.net.AbstractPlainSocketImpl.connect(AbstractPlainSocketImpl.java:182)
	at java.net.SocksSocketImpl.connect(SocksSocketImpl.java:392)
	at java.net.Socket.connect(Socket.java:579)
	at java.net.Socket.connect(Socket.java:528)
	at sun.net.NetworkClient.doConnect(NetworkClient.java:180)
	at sun.net.www.http.HttpClient.openServer(HttpClient.java:432)
	at sun.net.www.http.HttpClient.openServer(HttpClient.java:527)
	at sun.net.www.http.HttpClient.<init>(HttpClient.java:211)
	at sun.net.www.http.HttpClient.New(HttpClient.java:308)
	at sun.net.www.http.HttpClient.New(HttpClient.java:326)
	at sun.net.www.protocol.http.HttpURLConnection.getNewHttpClient(HttpURLConnection.java:996)
	at sun.net.www.protocol.http.HttpURLConnection.plainConnect(HttpURLConnection.java:932)
	at sun.net.www.protocol.http.HttpURLConnection.connect(HttpURLConnection.java:850)
	at sun.net.www.protocol.http.HttpURLConnection.getInputStream(HttpURLConnection.java:1300)
	at java.net.HttpURLConnection.getResponseCode(HttpURLConnection.java:468)
	at fk.core.network.impl.HTTPResponse.<init>(HTTPResponse.java:73)
	at fk.core.network.impl.HTTPFactory.getHTTPResponse(HTTPFactory.java:51)
	at fk.core.network.impl.HTTPCallActions$Core.makeGetCall(HTTPCallActions.java:176)
	at fk.core.network.impl.HTTPCallActions$Core.access$100(HTTPCallActions.java:136)
	at fk.core.network.impl.HTTPCallActions.makeGetCall(HTTPCallActions.java:69)
	at fk.core.Test.main(Test.java:21)
	at sun.reflect.NativeMethodAccessorImpl.invoke0(Native Method)
	at sun.reflect.NativeMethodAccessorImpl.invoke(NativeMethodAccessorImpl.java:57)
	at sun.reflect.DelegatingMethodAccessorImpl.invoke(DelegatingMethodAccessorImpl.java:43)
	at java.lang.reflect.Method.invoke(Method.java:606)
	at com.intellij.rt.execution.application.AppMain.main(AppMain.java:134)
[2014-12-12 19:44:20,437]  INFO - fk.utilities.CommandPromptUtility - Executing command: java -jar /Users/sankeerth.reddy/IdeaProjects/Stubby/conf/stubby4j-2.0.21.jar -d /Users/sankeerth.reddy/IdeaProjects/Stubby/conf/stubby.yaml
[2014-12-12 19:44:20,474]  INFO - fk.core.stub.impl.StubService - Mock service started!
[2014-12-12 19:44:20,731]  INFO - fk.core.network.impl.HTTPCallActions$Core - GET call: http://localhost:8882/multiple-res
[2014-12-12 19:44:20,850] ERROR - fk.core.network.impl.HTTPResponse - Error obtaining response code.
java.net.ConnectException: Connection refused
	at java.net.PlainSocketImpl.socketConnect(Native Method)
	at java.net.AbstractPlainSocketImpl.doConnect(AbstractPlainSocketImpl.java:339)
	at java.net.AbstractPlainSocketImpl.connectToAddress(AbstractPlainSocketImpl.java:200)
	at java.net.AbstractPlainSocketImpl.connect(AbstractPlainSocketImpl.java:182)
	at java.net.SocksSocketImpl.connect(SocksSocketImpl.java:392)
	at java.net.Socket.connect(Socket.java:579)
	at java.net.Socket.connect(Socket.java:528)
	at sun.net.NetworkClient.doConnect(NetworkClient.java:180)
	at sun.net.www.http.HttpClient.openServer(HttpClient.java:432)
	at sun.net.www.http.HttpClient.openServer(HttpClient.java:527)
	at sun.net.www.http.HttpClient.<init>(HttpClient.java:211)
	at sun.net.www.http.HttpClient.New(HttpClient.java:308)
	at sun.net.www.http.HttpClient.New(HttpClient.java:326)
	at sun.net.www.protocol.http.HttpURLConnection.getNewHttpClient(HttpURLConnection.java:996)
	at sun.net.www.protocol.http.HttpURLConnection.plainConnect(HttpURLConnection.java:932)
	at sun.net.www.protocol.http.HttpURLConnection.connect(HttpURLConnection.java:850)
	at sun.net.www.protocol.http.HttpURLConnection.getInputStream(HttpURLConnection.java:1300)
	at java.net.HttpURLConnection.getResponseCode(HttpURLConnection.java:468)
	at fk.core.network.impl.HTTPResponse.<init>(HTTPResponse.java:73)
	at fk.core.network.impl.HTTPFactory.getHTTPResponse(HTTPFactory.java:51)
	at fk.core.network.impl.HTTPCallActions$Core.makeGetCall(HTTPCallActions.java:176)
	at fk.core.network.impl.HTTPCallActions$Core.access$100(HTTPCallActions.java:136)
	at fk.core.network.impl.HTTPCallActions.makeGetCall(HTTPCallActions.java:69)
	at fk.core.Test.main(Test.java:21)
	at sun.reflect.NativeMethodAccessorImpl.invoke0(Native Method)
	at sun.reflect.NativeMethodAccessorImpl.invoke(NativeMethodAccessorImpl.java:57)
	at sun.reflect.DelegatingMethodAccessorImpl.invoke(DelegatingMethodAccessorImpl.java:43)
	at java.lang.reflect.Method.invoke(Method.java:606)
	at com.intellij.rt.execution.application.AppMain.main(AppMain.java:134)
[2014-12-12 19:45:15,155]  INFO - fk.utilities.CommandPromptUtility - Executing command: java -jar /Users/sankeerth.reddy/IdeaProjects/Stubby/conf/stubby4j-2.0.21.jar -d /Users/sankeerth.reddy/IdeaProjects/Stubby/conf/stubby.yaml
[2014-12-12 19:45:15,187]  INFO - fk.core.stub.impl.StubService - Mock service started!
[2014-12-12 19:45:15,436]  INFO - fk.core.network.impl.HTTPCallActions$Core - GET call: http://localhost:8882/hello-world
[2014-12-12 19:45:15,455] ERROR - fk.core.network.impl.HTTPResponse - Error obtaining response code.
java.net.ConnectException: Connection refused
	at java.net.PlainSocketImpl.socketConnect(Native Method)
	at java.net.AbstractPlainSocketImpl.doConnect(AbstractPlainSocketImpl.java:339)
	at java.net.AbstractPlainSocketImpl.connectToAddress(AbstractPlainSocketImpl.java:200)
	at java.net.AbstractPlainSocketImpl.connect(AbstractPlainSocketImpl.java:182)
	at java.net.SocksSocketImpl.connect(SocksSocketImpl.java:392)
	at java.net.Socket.connect(Socket.java:579)
	at java.net.Socket.connect(Socket.java:528)
	at sun.net.NetworkClient.doConnect(NetworkClient.java:180)
	at sun.net.www.http.HttpClient.openServer(HttpClient.java:432)
	at sun.net.www.http.HttpClient.openServer(HttpClient.java:527)
	at sun.net.www.http.HttpClient.<init>(HttpClient.java:211)
	at sun.net.www.http.HttpClient.New(HttpClient.java:308)
	at sun.net.www.http.HttpClient.New(HttpClient.java:326)
	at sun.net.www.protocol.http.HttpURLConnection.getNewHttpClient(HttpURLConnection.java:996)
	at sun.net.www.protocol.http.HttpURLConnection.plainConnect(HttpURLConnection.java:932)
	at sun.net.www.protocol.http.HttpURLConnection.connect(HttpURLConnection.java:850)
	at sun.net.www.protocol.http.HttpURLConnection.getInputStream(HttpURLConnection.java:1300)
	at java.net.HttpURLConnection.getResponseCode(HttpURLConnection.java:468)
	at fk.core.network.impl.HTTPResponse.<init>(HTTPResponse.java:73)
	at fk.core.network.impl.HTTPFactory.getHTTPResponse(HTTPFactory.java:51)
	at fk.core.network.impl.HTTPCallActions$Core.makeGetCall(HTTPCallActions.java:176)
	at fk.core.network.impl.HTTPCallActions$Core.access$100(HTTPCallActions.java:136)
	at fk.core.network.impl.HTTPCallActions.makeGetCall(HTTPCallActions.java:69)
	at fk.core.Test.main(Test.java:21)
	at sun.reflect.NativeMethodAccessorImpl.invoke0(Native Method)
	at sun.reflect.NativeMethodAccessorImpl.invoke(NativeMethodAccessorImpl.java:57)
	at sun.reflect.DelegatingMethodAccessorImpl.invoke(DelegatingMethodAccessorImpl.java:43)
	at java.lang.reflect.Method.invoke(Method.java:606)
	at com.intellij.rt.execution.application.AppMain.main(AppMain.java:134)
[2014-12-12 19:46:55,473]  INFO - fk.utilities.CommandPromptUtility - Executing command: java -jar /Users/sankeerth.reddy/IdeaProjects/Stubby/conf/stubby4j-2.0.21.jar -d /Users/sankeerth.reddy/IdeaProjects/Stubby/conf/stubby.yaml
[2014-12-12 19:46:55,503]  INFO - fk.core.stub.impl.StubService - Mock service started!
[2014-12-12 19:46:55,806]  INFO - fk.core.network.impl.HTTPCallActions$Core - GET call: http://localhost:8882/hello-world
[2014-12-12 19:46:56,196]  INFO - fk.core.stub.impl.StubService - Mock service stopped
[2014-12-12 19:47:11,227]  INFO - fk.utilities.CommandPromptUtility - Executing command: java -jar /Users/sankeerth.reddy/IdeaProjects/Stubby/conf/stubby4j-2.0.21.jar -d /Users/sankeerth.reddy/IdeaProjects/Stubby/conf/stubby.yaml
[2014-12-12 19:47:11,261]  INFO - fk.core.stub.impl.StubService - Mock service started!
[2014-12-12 19:47:11,565]  INFO - fk.core.network.impl.HTTPCallActions$Core - GET call: http://localhost:8882/multiple-res
[2014-12-12 19:47:11,602]  INFO - fk.core.stub.impl.StubService - Mock service stopped
[2014-12-12 19:47:27,007]  INFO - fk.utilities.CommandPromptUtility - Executing command: java -jar /Users/sankeerth.reddy/IdeaProjects/Stubby/conf/stubby4j-2.0.21.jar -d /Users/sankeerth.reddy/IdeaProjects/Stubby/conf/stubby.yaml
[2014-12-12 19:47:27,036]  INFO - fk.core.stub.impl.StubService - Mock service started!
[2014-12-12 19:47:27,371]  INFO - fk.core.network.impl.HTTPCallActions$Core - GET call: http://localhost:8882/multiple-res
[2014-12-12 19:47:27,461] ERROR - fk.core.network.impl.HTTPResponse - Error obtaining response code.
java.net.ConnectException: Connection refused
	at java.net.PlainSocketImpl.socketConnect(Native Method)
	at java.net.AbstractPlainSocketImpl.doConnect(AbstractPlainSocketImpl.java:339)
	at java.net.AbstractPlainSocketImpl.connectToAddress(AbstractPlainSocketImpl.java:200)
	at java.net.AbstractPlainSocketImpl.connect(AbstractPlainSocketImpl.java:182)
	at java.net.SocksSocketImpl.connect(SocksSocketImpl.java:392)
	at java.net.Socket.connect(Socket.java:579)
	at java.net.Socket.connect(Socket.java:528)
	at sun.net.NetworkClient.doConnect(NetworkClient.java:180)
	at sun.net.www.http.HttpClient.openServer(HttpClient.java:432)
	at sun.net.www.http.HttpClient.openServer(HttpClient.java:527)
	at sun.net.www.http.HttpClient.<init>(HttpClient.java:211)
	at sun.net.www.http.HttpClient.New(HttpClient.java:308)
	at sun.net.www.http.HttpClient.New(HttpClient.java:326)
	at sun.net.www.protocol.http.HttpURLConnection.getNewHttpClient(HttpURLConnection.java:996)
	at sun.net.www.protocol.http.HttpURLConnection.plainConnect(HttpURLConnection.java:932)
	at sun.net.www.protocol.http.HttpURLConnection.connect(HttpURLConnection.java:850)
	at sun.net.www.protocol.http.HttpURLConnection.getInputStream(HttpURLConnection.java:1300)
	at java.net.HttpURLConnection.getResponseCode(HttpURLConnection.java:468)
	at fk.core.network.impl.HTTPResponse.<init>(HTTPResponse.java:73)
	at fk.core.network.impl.HTTPFactory.getHTTPResponse(HTTPFactory.java:51)
	at fk.core.network.impl.HTTPCallActions$Core.makeGetCall(HTTPCallActions.java:176)
	at fk.core.network.impl.HTTPCallActions$Core.access$100(HTTPCallActions.java:136)
	at fk.core.network.impl.HTTPCallActions.makeGetCall(HTTPCallActions.java:69)
	at fk.core.Test.main(Test.java:26)
	at sun.reflect.NativeMethodAccessorImpl.invoke0(Native Method)
	at sun.reflect.NativeMethodAccessorImpl.invoke(NativeMethodAccessorImpl.java:57)
	at sun.reflect.DelegatingMethodAccessorImpl.invoke(DelegatingMethodAccessorImpl.java:43)
	at java.lang.reflect.Method.invoke(Method.java:606)
	at com.intellij.rt.execution.application.AppMain.main(AppMain.java:134)
[2014-12-12 19:47:46,866]  INFO - fk.utilities.CommandPromptUtility - Executing command: java -jar /Users/sankeerth.reddy/IdeaProjects/Stubby/conf/stubby4j-2.0.21.jar -d /Users/sankeerth.reddy/IdeaProjects/Stubby/conf/stubby.yaml
[2014-12-12 19:47:46,891]  INFO - fk.core.stub.impl.StubService - Mock service started!
[2014-12-12 19:47:47,175]  INFO - fk.core.network.impl.HTTPCallActions$Core - GET call: http://localhost:8882/multiple-res
[2014-12-12 19:47:47,521]  INFO - fk.core.stub.impl.StubService - Mock service stopped
[2014-12-12 19:48:31,733]  INFO - fk.utilities.CommandPromptUtility - Executing command: java -jar /Users/sankeerth.reddy/IdeaProjects/Stubby/conf/stubby4j-2.0.21.jar -d /Users/sankeerth.reddy/IdeaProjects/Stubby/conf/stubby.yaml
[2014-12-12 19:48:31,768]  INFO - fk.core.stub.impl.StubService - Mock service started!
[2014-12-12 19:48:32,004]  INFO - fk.core.network.impl.HTTPCallActions$Core - GET call: http://localhost:8882/multiple-res
[2014-12-12 19:48:32,019] ERROR - fk.core.network.impl.HTTPResponse - Error obtaining response code.
java.net.ConnectException: Connection refused
	at java.net.PlainSocketImpl.socketConnect(Native Method)
	at java.net.AbstractPlainSocketImpl.doConnect(AbstractPlainSocketImpl.java:339)
	at java.net.AbstractPlainSocketImpl.connectToAddress(AbstractPlainSocketImpl.java:200)
	at java.net.AbstractPlainSocketImpl.connect(AbstractPlainSocketImpl.java:182)
	at java.net.SocksSocketImpl.connect(SocksSocketImpl.java:392)
	at java.net.Socket.connect(Socket.java:579)
	at java.net.Socket.connect(Socket.java:528)
	at sun.net.NetworkClient.doConnect(NetworkClient.java:180)
	at sun.net.www.http.HttpClient.openServer(HttpClient.java:432)
	at sun.net.www.http.HttpClient.openServer(HttpClient.java:527)
	at sun.net.www.http.HttpClient.<init>(HttpClient.java:211)
	at sun.net.www.http.HttpClient.New(HttpClient.java:308)
	at sun.net.www.http.HttpClient.New(HttpClient.java:326)
	at sun.net.www.protocol.http.HttpURLConnection.getNewHttpClient(HttpURLConnection.java:996)
	at sun.net.www.protocol.http.HttpURLConnection.plainConnect(HttpURLConnection.java:932)
	at sun.net.www.protocol.http.HttpURLConnection.connect(HttpURLConnection.java:850)
	at sun.net.www.protocol.http.HttpURLConnection.getInputStream(HttpURLConnection.java:1300)
	at java.net.HttpURLConnection.getResponseCode(HttpURLConnection.java:468)
	at fk.core.network.impl.HTTPResponse.<init>(HTTPResponse.java:73)
	at fk.core.network.impl.HTTPFactory.getHTTPResponse(HTTPFactory.java:51)
	at fk.core.network.impl.HTTPCallActions$Core.makeGetCall(HTTPCallActions.java:176)
	at fk.core.network.impl.HTTPCallActions$Core.access$100(HTTPCallActions.java:136)
	at fk.core.network.impl.HTTPCallActions.makeGetCall(HTTPCallActions.java:69)
	at fk.core.Test.main(Test.java:26)
	at sun.reflect.NativeMethodAccessorImpl.invoke0(Native Method)
	at sun.reflect.NativeMethodAccessorImpl.invoke(NativeMethodAccessorImpl.java:57)
	at sun.reflect.DelegatingMethodAccessorImpl.invoke(DelegatingMethodAccessorImpl.java:43)
	at java.lang.reflect.Method.invoke(Method.java:606)
	at com.intellij.rt.execution.application.AppMain.main(AppMain.java:134)
[2014-12-12 19:49:37,015]  INFO - fk.utilities.CommandPromptUtility - Executing command: java -jar /Users/sankeerth.reddy/IdeaProjects/Stubby/conf/stubby4j-2.0.21.jar -d /Users/sankeerth.reddy/IdeaProjects/Stubby/conf/stubby.yaml
[2014-12-12 19:49:37,069]  INFO - fk.core.stub.impl.StubService - Mock service started!
[2014-12-12 19:50:29,120]  INFO - fk.utilities.CommandPromptUtility - Executing command: java -jar /Users/sankeerth.reddy/IdeaProjects/Stubby/conf/stubby4j-2.0.21.jar -d /Users/sankeerth.reddy/IdeaProjects/Stubby/conf/stubby.yaml
[2014-12-12 19:50:29,190]  INFO - fk.core.stub.impl.StubService - Mock service started!
[2014-12-12 19:50:29,319]  INFO - fk.core.network.impl.HTTPCallActions$Core - GET call: http://localhost:8882/multiple-res
[2014-12-12 19:50:29,392] ERROR - fk.core.network.impl.HTTPResponse - Error obtaining response code.
java.net.ConnectException: Connection refused
	at java.net.PlainSocketImpl.socketConnect(Native Method)
	at java.net.AbstractPlainSocketImpl.doConnect(AbstractPlainSocketImpl.java:339)
	at java.net.AbstractPlainSocketImpl.connectToAddress(AbstractPlainSocketImpl.java:200)
	at java.net.AbstractPlainSocketImpl.connect(AbstractPlainSocketImpl.java:182)
	at java.net.SocksSocketImpl.connect(SocksSocketImpl.java:392)
	at java.net.Socket.connect(Socket.java:579)
	at java.net.Socket.connect(Socket.java:528)
	at sun.net.NetworkClient.doConnect(NetworkClient.java:180)
	at sun.net.www.http.HttpClient.openServer(HttpClient.java:432)
	at sun.net.www.http.HttpClient.openServer(HttpClient.java:527)
	at sun.net.www.http.HttpClient.<init>(HttpClient.java:211)
	at sun.net.www.http.HttpClient.New(HttpClient.java:308)
	at sun.net.www.http.HttpClient.New(HttpClient.java:326)
	at sun.net.www.protocol.http.HttpURLConnection.getNewHttpClient(HttpURLConnection.java:996)
	at sun.net.www.protocol.http.HttpURLConnection.plainConnect(HttpURLConnection.java:932)
	at sun.net.www.protocol.http.HttpURLConnection.connect(HttpURLConnection.java:850)
	at sun.net.www.protocol.http.HttpURLConnection.getInputStream(HttpURLConnection.java:1300)
	at java.net.HttpURLConnection.getResponseCode(HttpURLConnection.java:468)
	at fk.core.network.impl.HTTPResponse.<init>(HTTPResponse.java:73)
	at fk.core.network.impl.HTTPFactory.getHTTPResponse(HTTPFactory.java:51)
	at fk.core.network.impl.HTTPCallActions$Core.makeGetCall(HTTPCallActions.java:176)
	at fk.core.network.impl.HTTPCallActions$Core.access$100(HTTPCallActions.java:136)
	at fk.core.network.impl.HTTPCallActions.makeGetCall(HTTPCallActions.java:69)
	at fk.core.Test.main(Test.java:23)
	at sun.reflect.NativeMethodAccessorImpl.invoke0(Native Method)
	at sun.reflect.NativeMethodAccessorImpl.invoke(NativeMethodAccessorImpl.java:57)
	at sun.reflect.DelegatingMethodAccessorImpl.invoke(DelegatingMethodAccessorImpl.java:43)
	at java.lang.reflect.Method.invoke(Method.java:606)
	at com.intellij.rt.execution.application.AppMain.main(AppMain.java:134)
[2014-12-12 19:51:38,323]  INFO - fk.utilities.CommandPromptUtility - Executing command: java -jar /Users/sankeerth.reddy/IdeaProjects/Stubby/conf/stubby4j-2.0.21.jar -d /Users/sankeerth.reddy/IdeaProjects/Stubby/conf/stubby.yaml
[2014-12-12 19:51:38,375]  INFO - fk.core.stub.impl.StubService - Mock service started!
[2014-12-12 19:51:39,525]  INFO - fk.core.network.impl.HTTPCallActions$Core - GET call: http://localhost:8882/multiple-res
[2014-12-12 19:51:39,710] ERROR - fk.core.network.impl.HTTPResponse - Unable to read response.
java.io.FileNotFoundException: http://localhost:8882/multiple-res
	at sun.reflect.NativeConstructorAccessorImpl.newInstance0(Native Method)
	at sun.reflect.NativeConstructorAccessorImpl.newInstance(NativeConstructorAccessorImpl.java:57)
	at sun.reflect.DelegatingConstructorAccessorImpl.newInstance(DelegatingConstructorAccessorImpl.java:45)
	at java.lang.reflect.Constructor.newInstance(Constructor.java:526)
	at sun.net.www.protocol.http.HttpURLConnection$6.run(HttpURLConnection.java:1675)
	at sun.net.www.protocol.http.HttpURLConnection$6.run(HttpURLConnection.java:1673)
	at java.security.AccessController.doPrivileged(Native Method)
	at sun.net.www.protocol.http.HttpURLConnection.getChainedException(HttpURLConnection.java:1671)
	at sun.net.www.protocol.http.HttpURLConnection.getInputStream(HttpURLConnection.java:1244)
	at fk.core.network.impl.HTTPResponse.<init>(HTTPResponse.java:82)
	at fk.core.network.impl.HTTPFactory.getHTTPResponse(HTTPFactory.java:51)
	at fk.core.network.impl.HTTPCallActions$Core.makeGetCall(HTTPCallActions.java:176)
	at fk.core.network.impl.HTTPCallActions$Core.access$100(HTTPCallActions.java:136)
	at fk.core.network.impl.HTTPCallActions.makeGetCall(HTTPCallActions.java:69)
	at fk.core.Test.main(Test.java:26)
	at sun.reflect.NativeMethodAccessorImpl.invoke0(Native Method)
	at sun.reflect.NativeMethodAccessorImpl.invoke(NativeMethodAccessorImpl.java:57)
	at sun.reflect.DelegatingMethodAccessorImpl.invoke(DelegatingMethodAccessorImpl.java:43)
	at java.lang.reflect.Method.invoke(Method.java:606)
	at com.intellij.rt.execution.application.AppMain.main(AppMain.java:134)
Caused by: java.io.FileNotFoundException: http://localhost:8882/multiple-res
	at sun.net.www.protocol.http.HttpURLConnection.getInputStream(HttpURLConnection.java:1624)
	at java.net.HttpURLConnection.getResponseCode(HttpURLConnection.java:468)
	at fk.core.network.impl.HTTPResponse.<init>(HTTPResponse.java:73)
	... 10 more
[2014-12-12 19:52:34,993]  INFO - fk.utilities.CommandPromptUtility - Executing command: java -jar /Users/sankeerth.reddy/IdeaProjects/Stubby/conf/stubby4j-2.0.21.jar -d /Users/sankeerth.reddy/IdeaProjects/Stubby/conf/stubby.yaml
[2014-12-12 19:52:35,018]  INFO - fk.core.stub.impl.StubService - Mock service started!
[2014-12-12 19:52:35,157]  INFO - fk.core.network.impl.HTTPCallActions$Core - GET call: http://localhost:8882/hello-world
[2014-12-12 19:52:35,222]  INFO - fk.core.stub.impl.StubService - Mock service stopped
[2014-12-12 19:52:48,017]  INFO - fk.utilities.CommandPromptUtility - Executing command: java -jar /Users/sankeerth.reddy/IdeaProjects/Stubby/conf/stubby4j-2.0.21.jar -d /Users/sankeerth.reddy/IdeaProjects/Stubby/conf/stubby.yaml
[2014-12-12 19:52:48,046]  INFO - fk.core.stub.impl.StubService - Mock service started!
[2014-12-12 19:52:48,194]  INFO - fk.core.network.impl.HTTPCallActions$Core - GET call: http://localhost:8882/hello-world
[2014-12-12 19:52:48,237] ERROR - fk.core.network.impl.HTTPResponse - Error obtaining response code.
java.net.ConnectException: Connection refused
	at java.net.PlainSocketImpl.socketConnect(Native Method)
	at java.net.AbstractPlainSocketImpl.doConnect(AbstractPlainSocketImpl.java:339)
	at java.net.AbstractPlainSocketImpl.connectToAddress(AbstractPlainSocketImpl.java:200)
	at java.net.AbstractPlainSocketImpl.connect(AbstractPlainSocketImpl.java:182)
	at java.net.SocksSocketImpl.connect(SocksSocketImpl.java:392)
	at java.net.Socket.connect(Socket.java:579)
	at java.net.Socket.connect(Socket.java:528)
	at sun.net.NetworkClient.doConnect(NetworkClient.java:180)
	at sun.net.www.http.HttpClient.openServer(HttpClient.java:432)
	at sun.net.www.http.HttpClient.openServer(HttpClient.java:527)
	at sun.net.www.http.HttpClient.<init>(HttpClient.java:211)
	at sun.net.www.http.HttpClient.New(HttpClient.java:308)
	at sun.net.www.http.HttpClient.New(HttpClient.java:326)
	at sun.net.www.protocol.http.HttpURLConnection.getNewHttpClient(HttpURLConnection.java:996)
	at sun.net.www.protocol.http.HttpURLConnection.plainConnect(HttpURLConnection.java:932)
	at sun.net.www.protocol.http.HttpURLConnection.connect(HttpURLConnection.java:850)
	at sun.net.www.protocol.http.HttpURLConnection.getInputStream(HttpURLConnection.java:1300)
	at java.net.HttpURLConnection.getResponseCode(HttpURLConnection.java:468)
	at fk.core.network.impl.HTTPResponse.<init>(HTTPResponse.java:73)
	at fk.core.network.impl.HTTPFactory.getHTTPResponse(HTTPFactory.java:51)
	at fk.core.network.impl.HTTPCallActions$Core.makeGetCall(HTTPCallActions.java:176)
	at fk.core.network.impl.HTTPCallActions$Core.access$100(HTTPCallActions.java:136)
	at fk.core.network.impl.HTTPCallActions.makeGetCall(HTTPCallActions.java:69)
	at fk.core.Test.main(Test.java:22)
	at sun.reflect.NativeMethodAccessorImpl.invoke0(Native Method)
	at sun.reflect.NativeMethodAccessorImpl.invoke(NativeMethodAccessorImpl.java:57)
	at sun.reflect.DelegatingMethodAccessorImpl.invoke(DelegatingMethodAccessorImpl.java:43)
	at java.lang.reflect.Method.invoke(Method.java:606)
	at com.intellij.rt.execution.application.AppMain.main(AppMain.java:134)
[2014-12-15 12:19:44,426]  INFO - fk.utilities.CommandPromptUtility - Executing command: java -jar /Users/sankeerth.reddy/IdeaProjects/Stubby/conf/stubby4j-2.0.21.jar -d /Users/sankeerth.reddy/IdeaProjects/Stubby/conf/stubby.yaml
[2014-12-15 12:19:44,470]  INFO - fk.core.stub.impl.StubService - Mock service started!
[2014-12-15 12:19:44,594]  INFO - fk.core.network.impl.HTTPCallActions$Core - GET call: http://localhost:8882/hello-world
[2014-12-15 12:19:44,852]  INFO - fk.core.stub.impl.StubService - Mock service stopped
[2014-12-15 13:38:55,804]  INFO - fk.utilities.CommandPromptUtility - Executing command: java -jar /Users/sankeerth.reddy/IdeaProjects/Stubby/conf/stubby4j-2.0.21.jar -d /Users/sankeerth.reddy/IdeaProjects/Stubby/conf/stubby.yaml
[2014-12-15 13:38:55,835]  INFO - fk.core.stub.impl.StubService - Mock service started!
[2014-12-15 13:38:55,993]  INFO - fk.core.network.impl.HTTPCallActions$Core - GET call: http://localhost:8882/multiple-res
[2014-12-15 13:38:56,064]  INFO - fk.core.stub.impl.StubService - Mock service stopped
[2014-12-15 13:39:24,076]  INFO - fk.utilities.CommandPromptUtility - Executing command: java -jar /Users/sankeerth.reddy/IdeaProjects/Stubby/conf/stubby4j-2.0.21.jar -d /Users/sankeerth.reddy/IdeaProjects/Stubby/conf/stubby.yaml
[2014-12-15 13:39:24,106]  INFO - fk.core.stub.impl.StubService - Mock service started!
[2014-12-15 13:39:24,253]  INFO - fk.core.network.impl.HTTPCallActions$Core - GET call: http://localhost:8882/multiple-res
[2014-12-15 13:39:24,266] ERROR - fk.core.network.impl.HTTPResponse - Error obtaining response code.
java.net.ConnectException: Connection refused
	at java.net.PlainSocketImpl.socketConnect(Native Method)
	at java.net.AbstractPlainSocketImpl.doConnect(AbstractPlainSocketImpl.java:339)
	at java.net.AbstractPlainSocketImpl.connectToAddress(AbstractPlainSocketImpl.java:200)
	at java.net.AbstractPlainSocketImpl.connect(AbstractPlainSocketImpl.java:182)
	at java.net.SocksSocketImpl.connect(SocksSocketImpl.java:392)
	at java.net.Socket.connect(Socket.java:579)
	at java.net.Socket.connect(Socket.java:528)
	at sun.net.NetworkClient.doConnect(NetworkClient.java:180)
	at sun.net.www.http.HttpClient.openServer(HttpClient.java:432)
	at sun.net.www.http.HttpClient.openServer(HttpClient.java:527)
	at sun.net.www.http.HttpClient.<init>(HttpClient.java:211)
	at sun.net.www.http.HttpClient.New(HttpClient.java:308)
	at sun.net.www.http.HttpClient.New(HttpClient.java:326)
	at sun.net.www.protocol.http.HttpURLConnection.getNewHttpClient(HttpURLConnection.java:996)
	at sun.net.www.protocol.http.HttpURLConnection.plainConnect(HttpURLConnection.java:932)
	at sun.net.www.protocol.http.HttpURLConnection.connect(HttpURLConnection.java:850)
	at sun.net.www.protocol.http.HttpURLConnection.getInputStream(HttpURLConnection.java:1300)
	at java.net.HttpURLConnection.getResponseCode(HttpURLConnection.java:468)
	at fk.core.network.impl.HTTPResponse.<init>(HTTPResponse.java:73)
	at fk.core.network.impl.HTTPFactory.getHTTPResponse(HTTPFactory.java:51)
	at fk.core.network.impl.HTTPCallActions$Core.makeGetCall(HTTPCallActions.java:176)
	at fk.core.network.impl.HTTPCallActions$Core.access$100(HTTPCallActions.java:136)
	at fk.core.network.impl.HTTPCallActions.makeGetCall(HTTPCallActions.java:69)
	at fk.core.Test.main(Test.java:22)
	at sun.reflect.NativeMethodAccessorImpl.invoke0(Native Method)
	at sun.reflect.NativeMethodAccessorImpl.invoke(NativeMethodAccessorImpl.java:57)
	at sun.reflect.DelegatingMethodAccessorImpl.invoke(DelegatingMethodAccessorImpl.java:43)
	at java.lang.reflect.Method.invoke(Method.java:606)
	at com.intellij.rt.execution.application.AppMain.main(AppMain.java:134)
[2014-12-15 13:43:16,342]  INFO - fk.utilities.CommandPromptUtility - Executing command: java -jar /Users/sankeerth.reddy/IdeaProjects/Stubby/conf/stubby4j-2.0.21.jar -d /Users/sankeerth.reddy/IdeaProjects/Stubby/conf/stubby.yaml
[2014-12-15 13:43:16,394]  INFO - fk.core.stub.impl.StubService - Mock service started!
[2014-12-15 13:43:16,663]  INFO - fk.core.network.impl.HTTPCallActions$Core - GET call: http://localhost:8882/multiple-res
[2014-12-15 13:43:17,019]  INFO - fk.core.stub.impl.StubService - Mock service stopped
[2014-12-15 13:43:44,195]  INFO - fk.utilities.CommandPromptUtility - Executing command: java -jar /Users/sankeerth.reddy/IdeaProjects/Stubby/conf/stubby4j-2.0.21.jar -d /Users/sankeerth.reddy/IdeaProjects/Stubby/conf/stubby.yaml
[2014-12-15 13:43:44,238]  INFO - fk.core.stub.impl.StubService - Mock service started!
[2014-12-15 13:43:44,502]  INFO - fk.core.network.impl.HTTPCallActions$Core - GET call: http://localhost:8882/multiple-res
[2014-12-15 13:43:44,526] ERROR - fk.core.network.impl.HTTPResponse - Error obtaining response code.
java.net.ConnectException: Connection refused
	at java.net.PlainSocketImpl.socketConnect(Native Method)
	at java.net.AbstractPlainSocketImpl.doConnect(AbstractPlainSocketImpl.java:339)
	at java.net.AbstractPlainSocketImpl.connectToAddress(AbstractPlainSocketImpl.java:200)
	at java.net.AbstractPlainSocketImpl.connect(AbstractPlainSocketImpl.java:182)
	at java.net.SocksSocketImpl.connect(SocksSocketImpl.java:392)
	at java.net.Socket.connect(Socket.java:579)
	at java.net.Socket.connect(Socket.java:528)
	at sun.net.NetworkClient.doConnect(NetworkClient.java:180)
	at sun.net.www.http.HttpClient.openServer(HttpClient.java:432)
	at sun.net.www.http.HttpClient.openServer(HttpClient.java:527)
	at sun.net.www.http.HttpClient.<init>(HttpClient.java:211)
	at sun.net.www.http.HttpClient.New(HttpClient.java:308)
	at sun.net.www.http.HttpClient.New(HttpClient.java:326)
	at sun.net.www.protocol.http.HttpURLConnection.getNewHttpClient(HttpURLConnection.java:996)
	at sun.net.www.protocol.http.HttpURLConnection.plainConnect(HttpURLConnection.java:932)
	at sun.net.www.protocol.http.HttpURLConnection.connect(HttpURLConnection.java:850)
	at sun.net.www.protocol.http.HttpURLConnection.getInputStream(HttpURLConnection.java:1300)
	at java.net.HttpURLConnection.getResponseCode(HttpURLConnection.java:468)
	at fk.core.network.impl.HTTPResponse.<init>(HTTPResponse.java:73)
	at fk.core.network.impl.HTTPFactory.getHTTPResponse(HTTPFactory.java:51)
	at fk.core.network.impl.HTTPCallActions$Core.makeGetCall(HTTPCallActions.java:176)
	at fk.core.network.impl.HTTPCallActions$Core.access$100(HTTPCallActions.java:136)
	at fk.core.network.impl.HTTPCallActions.makeGetCall(HTTPCallActions.java:69)
	at fk.core.Test.main(Test.java:26)
	at sun.reflect.NativeMethodAccessorImpl.invoke0(Native Method)
	at sun.reflect.NativeMethodAccessorImpl.invoke(NativeMethodAccessorImpl.java:57)
	at sun.reflect.DelegatingMethodAccessorImpl.invoke(DelegatingMethodAccessorImpl.java:43)
	at java.lang.reflect.Method.invoke(Method.java:606)
	at com.intellij.rt.execution.application.AppMain.main(AppMain.java:134)
[2014-12-15 13:44:00,896]  INFO - fk.utilities.CommandPromptUtility - Executing command: java -jar /Users/sankeerth.reddy/IdeaProjects/Stubby/conf/stubby4j-2.0.21.jar -d /Users/sankeerth.reddy/IdeaProjects/Stubby/conf/stubby.yaml
[2014-12-15 13:44:00,933]  INFO - fk.core.stub.impl.StubService - Mock service started!
[2014-12-15 13:44:01,167]  INFO - fk.core.network.impl.HTTPCallActions$Core - GET call: http://localhost:8882/multiple-res
[2014-12-15 13:44:01,413]  INFO - fk.core.stub.impl.StubService - Mock service stopped
[2014-12-15 13:45:11,141]  INFO - fk.utilities.CommandPromptUtility - Executing command: java -jar /Users/sankeerth.reddy/IdeaProjects/Stubby/conf/stubby4j-2.0.21.jar -d /Users/sankeerth.reddy/IdeaProjects/Stubby/conf/stubby.yaml
[2014-12-15 13:45:11,217]  INFO - fk.core.stub.impl.StubService - Mock service started!
[2014-12-15 13:45:11,626]  INFO - fk.core.network.impl.HTTPCallActions$Core - GET call: http://localhost:8882/multiple-res
[2014-12-15 13:45:44,344]  INFO - fk.core.stub.impl.StubService - Mock service stopped
[2014-12-15 15:12:14,451]  INFO - fk.utilities.CommandPromptUtility - Executing command: java -jar /Users/sankeerth.reddy/IdeaProjects/Stubby/conf/stubby4j-2.0.21.jar -d /Users/sankeerth.reddy/IdeaProjects/Stubby/conf/stubby.yaml
[2014-12-15 15:12:14,508]  INFO - fk.core.stub.impl.StubService - Mock service started!
[2014-12-15 15:12:14,980]  INFO - fk.core.network.impl.HTTPCallActions$Core - GET call: http://localhost:8882/hello-file
[2014-12-15 15:12:15,053] ERROR - fk.core.network.impl.HTTPResponse - Error obtaining response code.
java.net.ConnectException: Connection refused
	at java.net.PlainSocketImpl.socketConnect(Native Method)
	at java.net.AbstractPlainSocketImpl.doConnect(AbstractPlainSocketImpl.java:339)
	at java.net.AbstractPlainSocketImpl.connectToAddress(AbstractPlainSocketImpl.java:200)
	at java.net.AbstractPlainSocketImpl.connect(AbstractPlainSocketImpl.java:182)
	at java.net.SocksSocketImpl.connect(SocksSocketImpl.java:392)
	at java.net.Socket.connect(Socket.java:579)
	at java.net.Socket.connect(Socket.java:528)
	at sun.net.NetworkClient.doConnect(NetworkClient.java:180)
	at sun.net.www.http.HttpClient.openServer(HttpClient.java:432)
	at sun.net.www.http.HttpClient.openServer(HttpClient.java:527)
	at sun.net.www.http.HttpClient.<init>(HttpClient.java:211)
	at sun.net.www.http.HttpClient.New(HttpClient.java:308)
	at sun.net.www.http.HttpClient.New(HttpClient.java:326)
	at sun.net.www.protocol.http.HttpURLConnection.getNewHttpClient(HttpURLConnection.java:996)
	at sun.net.www.protocol.http.HttpURLConnection.plainConnect(HttpURLConnection.java:932)
	at sun.net.www.protocol.http.HttpURLConnection.connect(HttpURLConnection.java:850)
	at sun.net.www.protocol.http.HttpURLConnection.getInputStream(HttpURLConnection.java:1300)
	at java.net.HttpURLConnection.getResponseCode(HttpURLConnection.java:468)
	at fk.core.network.impl.HTTPResponse.<init>(HTTPResponse.java:73)
	at fk.core.network.impl.HTTPFactory.getHTTPResponse(HTTPFactory.java:51)
	at fk.core.network.impl.HTTPCallActions$Core.makeGetCall(HTTPCallActions.java:176)
	at fk.core.network.impl.HTTPCallActions$Core.access$100(HTTPCallActions.java:136)
	at fk.core.network.impl.HTTPCallActions.makeGetCall(HTTPCallActions.java:69)
	at fk.core.Test.main(Test.java:26)
	at sun.reflect.NativeMethodAccessorImpl.invoke0(Native Method)
	at sun.reflect.NativeMethodAccessorImpl.invoke(NativeMethodAccessorImpl.java:57)
	at sun.reflect.DelegatingMethodAccessorImpl.invoke(DelegatingMethodAccessorImpl.java:43)
	at java.lang.reflect.Method.invoke(Method.java:606)
	at com.intellij.rt.execution.application.AppMain.main(AppMain.java:134)
[2014-12-15 15:12:18,989]  INFO - fk.utilities.CommandPromptUtility - Executing command: java -jar /Users/sankeerth.reddy/IdeaProjects/Stubby/conf/stubby4j-2.0.21.jar -d /Users/sankeerth.reddy/IdeaProjects/Stubby/conf/stubby.yaml
[2014-12-15 15:12:19,043]  INFO - fk.core.stub.impl.StubService - Mock service started!
[2014-12-15 15:12:19,716]  INFO - fk.core.network.impl.HTTPCallActions$Core - GET call: http://localhost:8882/hello-file
[2014-12-15 15:12:19,867]  INFO - fk.core.stub.impl.StubService - Mock service stopped
[2014-12-16 16:31:17,287]  INFO - fk.utilities.CommandPromptUtility - Executing command: java -jar /Users/sankeerth.reddy/IdeaProjects/Stubby/conf/stubby4j-2.0.21.jar -d /Users/sankeerth.reddy/IdeaProjects/Stubby/conf/stubby.yaml
[2014-12-16 16:31:17,396]  INFO - fk.core.stub.impl.StubService - Mock service started!
[2014-12-16 16:31:17,598]  INFO - fk.core.network.impl.HTTPCallActions$Core - GET call: http://localhost:8882/hello-file
[2014-12-16 16:31:17,667]  INFO - fk.core.stub.impl.StubService - Mock service stopped
[2014-12-16 17:14:36,114]  INFO - fk.utilities.CommandPromptUtility - Executing command: java -jar /Users/sankeerth.reddy/IdeaProjects/Stubby/conf/stubby4j-2.0.21.jar -d /Users/sankeerth.reddy/IdeaProjects/Stubby/conf/stubby.yaml
[2014-12-16 17:14:36,155]  INFO - fk.core.stub.impl.StubService - Mock service started!
[2014-12-16 17:14:36,647]  INFO - fk.core.network.impl.HTTPCallActions$Core - GET call: http://localhost:8882/hello-file
[2014-12-16 17:14:36,661] ERROR - fk.core.network.impl.HTTPResponse - Error obtaining response code.
java.net.ConnectException: Connection refused
	at java.net.PlainSocketImpl.socketConnect(Native Method)
	at java.net.AbstractPlainSocketImpl.doConnect(AbstractPlainSocketImpl.java:339)
	at java.net.AbstractPlainSocketImpl.connectToAddress(AbstractPlainSocketImpl.java:200)
	at java.net.AbstractPlainSocketImpl.connect(AbstractPlainSocketImpl.java:182)
	at java.net.SocksSocketImpl.connect(SocksSocketImpl.java:392)
	at java.net.Socket.connect(Socket.java:579)
	at java.net.Socket.connect(Socket.java:528)
	at sun.net.NetworkClient.doConnect(NetworkClient.java:180)
	at sun.net.www.http.HttpClient.openServer(HttpClient.java:432)
	at sun.net.www.http.HttpClient.openServer(HttpClient.java:527)
	at sun.net.www.http.HttpClient.<init>(HttpClient.java:211)
	at sun.net.www.http.HttpClient.New(HttpClient.java:308)
	at sun.net.www.http.HttpClient.New(HttpClient.java:326)
	at sun.net.www.protocol.http.HttpURLConnection.getNewHttpClient(HttpURLConnection.java:996)
	at sun.net.www.protocol.http.HttpURLConnection.plainConnect(HttpURLConnection.java:932)
	at sun.net.www.protocol.http.HttpURLConnection.connect(HttpURLConnection.java:850)
	at sun.net.www.protocol.http.HttpURLConnection.getInputStream(HttpURLConnection.java:1300)
	at java.net.HttpURLConnection.getResponseCode(HttpURLConnection.java:468)
	at fk.core.network.impl.HTTPResponse.<init>(HTTPResponse.java:73)
	at fk.core.network.impl.HTTPFactory.getHTTPResponse(HTTPFactory.java:51)
	at fk.core.network.impl.HTTPCallActions$Core.makeGetCall(HTTPCallActions.java:176)
	at fk.core.network.impl.HTTPCallActions$Core.access$100(HTTPCallActions.java:136)
	at fk.core.network.impl.HTTPCallActions.makeGetCall(HTTPCallActions.java:69)
	at fk.core.proxy.CoreProxy.makeProxyGetCall(CoreProxy.java:21)
	at fk.core.Test.main(Test.java:25)
	at sun.reflect.NativeMethodAccessorImpl.invoke0(Native Method)
	at sun.reflect.NativeMethodAccessorImpl.invoke(NativeMethodAccessorImpl.java:57)
	at sun.reflect.DelegatingMethodAccessorImpl.invoke(DelegatingMethodAccessorImpl.java:43)
	at java.lang.reflect.Method.invoke(Method.java:606)
	at com.intellij.rt.execution.application.AppMain.main(AppMain.java:134)
[2014-12-16 17:14:40,418]  INFO - fk.utilities.CommandPromptUtility - Executing command: java -jar /Users/sankeerth.reddy/IdeaProjects/Stubby/conf/stubby4j-2.0.21.jar -d /Users/sankeerth.reddy/IdeaProjects/Stubby/conf/stubby.yaml
[2014-12-16 17:14:40,490]  INFO - fk.core.stub.impl.StubService - Mock service started!
[2014-12-16 17:14:40,670]  INFO - fk.core.network.impl.HTTPCallActions$Core - GET call: http://localhost:8882/hello-file
[2014-12-16 17:21:19,762]  INFO - fk.utilities.CommandPromptUtility - Executing command: java -jar /Users/sankeerth.reddy/IdeaProjects/Stubby/conf/stubby4j-2.0.21.jar -d /Users/sankeerth.reddy/IdeaProjects/Stubby/conf/stubby.yaml
[2014-12-16 17:21:19,838]  INFO - fk.core.stub.impl.StubService - Mock service started!
[2014-12-16 17:21:20,152]  INFO - fk.core.network.impl.HTTPCallActions$Core - GET call: http://localhost:8882/hello-file
[2014-12-16 17:35:49,243]  INFO - fk.utilities.CommandPromptUtility - Executing command: java -jar /Users/sankeerth.reddy/IdeaProjects/Stubby/conf/stubby4j-2.0.21.jar -d /Users/sankeerth.reddy/IdeaProjects/Stubby/conf/stubby.yaml
[2014-12-16 17:35:49,294]  INFO - fk.core.stub.impl.StubService - Mock service started!
[2014-12-16 17:35:49,743]  INFO - fk.core.network.impl.HTTPCallActions$Core - GET call: http://localhost:8882/hello-file
[2014-12-16 17:35:49,798] ERROR - fk.core.network.impl.HTTPResponse - Error obtaining response code.
java.net.ConnectException: Connection refused
	at java.net.PlainSocketImpl.socketConnect(Native Method)
	at java.net.AbstractPlainSocketImpl.doConnect(AbstractPlainSocketImpl.java:339)
	at java.net.AbstractPlainSocketImpl.connectToAddress(AbstractPlainSocketImpl.java:200)
	at java.net.AbstractPlainSocketImpl.connect(AbstractPlainSocketImpl.java:182)
	at java.net.SocksSocketImpl.connect(SocksSocketImpl.java:392)
	at java.net.Socket.connect(Socket.java:579)
	at java.net.Socket.connect(Socket.java:528)
	at sun.net.NetworkClient.doConnect(NetworkClient.java:180)
	at sun.net.www.http.HttpClient.openServer(HttpClient.java:432)
	at sun.net.www.http.HttpClient.openServer(HttpClient.java:527)
	at sun.net.www.http.HttpClient.<init>(HttpClient.java:211)
	at sun.net.www.http.HttpClient.New(HttpClient.java:308)
	at sun.net.www.http.HttpClient.New(HttpClient.java:326)
	at sun.net.www.protocol.http.HttpURLConnection.getNewHttpClient(HttpURLConnection.java:996)
	at sun.net.www.protocol.http.HttpURLConnection.plainConnect(HttpURLConnection.java:932)
	at sun.net.www.protocol.http.HttpURLConnection.connect(HttpURLConnection.java:850)
	at sun.net.www.protocol.http.HttpURLConnection.getInputStream(HttpURLConnection.java:1300)
	at java.net.HttpURLConnection.getResponseCode(HttpURLConnection.java:468)
	at fk.core.network.impl.HTTPResponse.<init>(HTTPResponse.java:73)
	at fk.core.network.impl.HTTPFactory.getHTTPResponse(HTTPFactory.java:51)
	at fk.core.network.impl.HTTPCallActions$Core.makeGetCall(HTTPCallActions.java:176)
	at fk.core.network.impl.HTTPCallActions$Core.access$100(HTTPCallActions.java:136)
	at fk.core.network.impl.HTTPCallActions.makeGetCall(HTTPCallActions.java:69)
	at fk.core.proxy.CoreProxy.makeProxyGetCall(CoreProxy.java:21)
	at fk.core.Test.main(Test.java:25)
	at sun.reflect.NativeMethodAccessorImpl.invoke0(Native Method)
	at sun.reflect.NativeMethodAccessorImpl.invoke(NativeMethodAccessorImpl.java:57)
	at sun.reflect.DelegatingMethodAccessorImpl.invoke(DelegatingMethodAccessorImpl.java:43)
	at java.lang.reflect.Method.invoke(Method.java:606)
	at com.intellij.rt.execution.application.AppMain.main(AppMain.java:134)
[2014-12-16 17:37:44,276]  INFO - fk.utilities.CommandPromptUtility - Executing command: java -jar /Users/sankeerth.reddy/IdeaProjects/Stubby/conf/stubby4j-2.0.21.jar -d /Users/sankeerth.reddy/IdeaProjects/Stubby/conf/stubby.yaml
[2014-12-16 17:37:44,326]  INFO - fk.core.stub.impl.StubService - Mock service started!
[2014-12-16 17:37:44,600]  INFO - fk.core.network.impl.HTTPCallActions$Core - GET call: http://localhost:8882/hello-file
[2014-12-16 17:46:39,642]  INFO - fk.utilities.CommandPromptUtility - Executing command: java -jar /Users/sankeerth.reddy/IdeaProjects/Stubby/conf/stubby4j-2.0.21.jar -d /Users/sankeerth.reddy/IdeaProjects/Stubby/conf/stubby.yaml
[2014-12-16 17:46:39,684]  INFO - fk.core.stub.impl.StubService - Mock service started!
[2014-12-16 17:46:39,993]  INFO - fk.core.network.impl.HTTPCallActions$Core - POST call: http://localhost:8889/
Params: [
  {
    "request": {
      "url": "^/dipayan$",
      "method": "GET"
    },
    "response": {
      "status": 200,
      "headers": {
        "Content-Type": "text/plain"
      },
      "body": "You're request was successfully processed!"
    }
  }]
[2014-12-16 17:46:40,021]  INFO - fk.core.network.impl.HTTPCallActions$Core - GET call: http://localhost:8882/dipayan
[2014-12-17 15:08:42,219]  INFO - fk.utilities.CommandPromptUtility - Executing command: java -jar /Users/sankeerth.reddy/IdeaProjects/Stubby/conf/stubby4j-2.0.21.jar -d /Users/sankeerth.reddy/IdeaProjects/Stubby/conf/stubby.yaml
[2014-12-17 15:08:42,303]  INFO - fk.core.stub.impl.StubService - Mock service started!
[2014-12-17 15:08:42,564]  INFO - fk.core.network.impl.HTTPCallActions$Core - POST call: http://localhost:8889
Params: [{"request": {"url": "^/","method": "GET"},"response": {"status": 200,"headers": {"Content-Type": "text/plain"},"body": ""}}]
[2014-12-17 15:08:42,628] ERROR - fk.core.network.impl.HTTPCallActions$Core - Unable to write request parameter.
java.net.ConnectException: Connection refused
	at java.net.PlainSocketImpl.socketConnect(Native Method)
	at java.net.AbstractPlainSocketImpl.doConnect(AbstractPlainSocketImpl.java:339)
	at java.net.AbstractPlainSocketImpl.connectToAddress(AbstractPlainSocketImpl.java:200)
	at java.net.AbstractPlainSocketImpl.connect(AbstractPlainSocketImpl.java:182)
	at java.net.SocksSocketImpl.connect(SocksSocketImpl.java:392)
	at java.net.Socket.connect(Socket.java:579)
	at java.net.Socket.connect(Socket.java:528)
	at sun.net.NetworkClient.doConnect(NetworkClient.java:180)
	at sun.net.www.http.HttpClient.openServer(HttpClient.java:432)
	at sun.net.www.http.HttpClient.openServer(HttpClient.java:527)
	at sun.net.www.http.HttpClient.<init>(HttpClient.java:211)
	at sun.net.www.http.HttpClient.New(HttpClient.java:308)
	at sun.net.www.http.HttpClient.New(HttpClient.java:326)
	at sun.net.www.protocol.http.HttpURLConnection.getNewHttpClient(HttpURLConnection.java:996)
	at sun.net.www.protocol.http.HttpURLConnection.plainConnect(HttpURLConnection.java:932)
	at sun.net.www.protocol.http.HttpURLConnection.connect(HttpURLConnection.java:850)
	at sun.net.www.protocol.http.HttpURLConnection.getOutputStream(HttpURLConnection.java:1091)
	at fk.core.network.impl.HTTPCallActions$Core.makePostCall(HTTPCallActions.java:230)
	at fk.core.network.impl.HTTPCallActions$Core.access$200(HTTPCallActions.java:136)
	at fk.core.network.impl.HTTPCallActions.makePostCall(HTTPCallActions.java:91)
	at fk.core.proxy.CoreProxy.makeProxyPostCall(CoreProxy.java:43)
	at fk.core.proxy.CoreProxy.makeProxyGetCall(CoreProxy.java:23)
	at fk.core.Test.main(Test.java:25)
	at sun.reflect.NativeMethodAccessorImpl.invoke0(Native Method)
	at sun.reflect.NativeMethodAccessorImpl.invoke(NativeMethodAccessorImpl.java:57)
	at sun.reflect.DelegatingMethodAccessorImpl.invoke(DelegatingMethodAccessorImpl.java:43)
	at java.lang.reflect.Method.invoke(Method.java:606)
	at com.intellij.rt.execution.application.AppMain.main(AppMain.java:134)
[2015-01-05 12:45:04,420]  INFO - fk.utilities.CommandPromptUtility - Executing command: java -jar /Users/sankeerth.reddy/IdeaProjects/Stubby/conf/stubby4j-2.0.21.jar -d /Users/sankeerth.reddy/IdeaProjects/Stubby/conf/stubby.yaml
[2015-01-05 12:45:04,432]  INFO - fk.core.stub.impl.StubService - Mock service started!
[2015-01-05 12:45:04,441] ERROR - fk.core.proxy.CoreProxy - ClassNotFound for EndPoint: ./localhost:8882/dipayan
java.lang.ClassNotFoundException: ./localhost:8882/dipayan
	at java.lang.Class.forName0(Native Method)
	at java.lang.Class.forName(Class.java:260)
	at fk.core.proxy.CoreProxy.isClass(CoreProxy.java:76)
	at fk.core.proxy.CoreProxy.makeProxyPostCall(CoreProxy.java:44)
	at fk.core.proxy.CoreProxy.makeProxyGetCall(CoreProxy.java:25)
	at fk.core.Test.main(Test.java:25)
	at sun.reflect.NativeMethodAccessorImpl.invoke0(Native Method)
	at sun.reflect.NativeMethodAccessorImpl.invoke(NativeMethodAccessorImpl.java:62)
	at sun.reflect.DelegatingMethodAccessorImpl.invoke(DelegatingMethodAccessorImpl.java:43)
	at java.lang.reflect.Method.invoke(Method.java:483)
	at com.intellij.rt.execution.application.AppMain.main(AppMain.java:134)
[2015-01-05 12:45:04,445] ERROR - fk.core.proxy.CoreProxy - Class is not declared for endpoint : /localhost:8882/dipayan
[2015-01-05 12:45:20,033]  INFO - fk.utilities.CommandPromptUtility - Executing command: java -jar /Users/sankeerth.reddy/IdeaProjects/Stubby/conf/stubby4j-2.0.21.jar -d /Users/sankeerth.reddy/IdeaProjects/Stubby/conf/stubby.yaml
[2015-01-05 12:45:20,053]  INFO - fk.core.stub.impl.StubService - Mock service started!
[2015-01-05 12:45:20,076] ERROR - fk.core.proxy.CoreProxy - ClassNotFound for EndPoint: ./localhost:8882/dipayan
java.lang.ClassNotFoundException: ./localhost:8882/dipayan
	at java.lang.Class.forName0(Native Method)
	at java.lang.Class.forName(Class.java:260)
	at fk.core.proxy.CoreProxy.isClass(CoreProxy.java:76)
	at fk.core.proxy.CoreProxy.makeProxyPostCall(CoreProxy.java:44)
	at fk.core.proxy.CoreProxy.makeProxyGetCall(CoreProxy.java:25)
	at fk.core.Test.main(Test.java:25)
	at sun.reflect.NativeMethodAccessorImpl.invoke0(Native Method)
	at sun.reflect.NativeMethodAccessorImpl.invoke(NativeMethodAccessorImpl.java:62)
	at sun.reflect.DelegatingMethodAccessorImpl.invoke(DelegatingMethodAccessorImpl.java:43)
	at java.lang.reflect.Method.invoke(Method.java:483)
	at com.intellij.rt.execution.application.AppMain.main(AppMain.java:134)
[2015-01-05 12:45:20,080] ERROR - fk.core.proxy.CoreProxy - Class is not declared for endpoint : /localhost:8882/dipayan
[2015-01-05 12:45:32,266]  INFO - fk.utilities.CommandPromptUtility - Executing command: java -jar /Users/sankeerth.reddy/IdeaProjects/Stubby/conf/stubby4j-2.0.21.jar -d /Users/sankeerth.reddy/IdeaProjects/Stubby/conf/stubby.yaml
[2015-01-05 12:45:32,365]  INFO - fk.core.stub.impl.StubService - Mock service started!
[2015-01-05 12:45:32,372] ERROR - fk.core.proxy.CoreProxy - ClassNotFound for EndPoint: ./localhost:8882/dipayan
java.lang.ClassNotFoundException: ./localhost:8882/dipayan
	at java.lang.Class.forName0(Native Method)
	at java.lang.Class.forName(Class.java:260)
	at fk.core.proxy.CoreProxy.isClass(CoreProxy.java:76)
	at fk.core.proxy.CoreProxy.makeProxyPostCall(CoreProxy.java:44)
	at fk.core.proxy.CoreProxy.makeProxyGetCall(CoreProxy.java:25)
	at fk.core.Test.main(Test.java:25)
[2015-01-05 12:45:32,376] ERROR - fk.core.proxy.CoreProxy - Class is not declared for endpoint : /localhost:8882/dipayan
[2015-01-05 12:46:16,075] ERROR - fk.utilities.PropertyFileUtility - File not found: /Users/sankeerth.reddy/IdeaProjects/Stubby/conf/config.properties
